1586969365250:O
1586969368251:help
1586969372278:hi
1586969379959:hi Mark
1586969989633:hi
1586969995121:hi FPPPP
1586970000212:help hi
1586971137241:left
1586971141521:влево
1587030944709:help
1587031390112:help войти
1587031428110:help register
1587031691604:help
1587031709921:help 'Главное управленіе'
1587031719377:help left
1587032015661:покажи 1
1587032024395:покажи 2500
1587033553575:help
1587033559852:left
1587033564953:matches
1587046113460:help
1587046178099:left
1587050099682:лево
1587050105254:влево
1587050135822:left
1587050212972:rowNumber++;
1587050218842:left
1587053289829:help
1587053302603:profile
1587053306362:register
1587053335547:register nameT pwd true
1587053363506:profile
1587053373861:register o o true
1587053378326:register
1587053383659:help register
1587053403254:register name pwd sex
1587053461445:profile
1587053465983:register 1 1 1
1587053542475:profile
1587053547709:register r r r
1587053857509:profile
1587053869655:register MyName MyPwd true
1587053969636:profile
1587053972712:regidter
1587053978606:register
1587053990327:register root 1501 true
1587054139692:profile
1587054144724:register root 1501
1587054156147:register root 1501 true
1587054398465:profile
1587054408203:register root 1501 sex
1587054536623:profile
1587054543830:register root 1501 f
1587054718665:profile
1587054721244:register
1587054730890:register r r r
1587055162849:profile
1587055167204:register r r r
1587055790383:profile
1587055797793:register r r r
1587055818710:profile
1587055823396:register r r r
1587056037455:profile
1587056045510:register root 1501 false
1587056071196:profile
1587056080733:register root 1501 false
1587056153709:register Nu 1 true
1587056439235:profile
1587056443093:register 1 1 1
1587056850172:profile
1587056855682:register root 1501 sex
1587123592919:help
1587123596109:left
1587123599892:right
1587123604541:sfd
1587123610934:matches
1587123615434:show
1587123618661:showAll
1587130505177:help
1587130512914:left
1587133535091:help
1587133538075:left
1587134860217:help
1587134862383:left
1587135314844:help
1587135325078:left
1587135328119:right
1587135356060:showAll
1587135360229:natches
1587135363145:matches
1587135366813:showAll
1587135379547:stacktrace
1587135400917:main
1587135403646:help
1587135407004:back
1587135412051:profile
1587135434214:register NewUser 1 true
1587135452549:register NewUser 1 сударь
1587135459494:length
1587135468481:register NewUser 1 сударь
1587135480753:stacktrace
1587135521064:profile
1587135528911:register a a сударь
1587135672048:register newUser a сударь
1587135680441:profile
1587135684885:register newUser a сударь
1587135843371:left
1587136076703:profile
1587136089439:register MyName MyPassword сударь
1587136108547:дуае
1587136110719:left
1587136115776:back
1587136117553:left
1587136122640:right
1587136534163:profile
1587136544006:register root 1501 сударь
1587136631453:profile
1587136667616:register root 1501 сударь
1587136733499:register Маня 1501 сударыня
1587136788566:дуае
1587136790976:eft
1587136792497:left
1587136795627:profile
1587136806153:register L L сударь
1587136901478:register Lн Lу сударь
1587137161465:купшыеукЭВЖ\\Зкщпкфьы\\ШтеуддшО ШВУФ 2019ю3ю3\\оик\\ишт\\офмфюучуЭ -фпутедшиЖовцз=екфтызщке=ве_ыщслуебфввкуыы=127ю0ю0ю1Ж63124быгызутв=нбыукмук=т -ЧЧЖЕшукувЫещзФеДумуд=1 -тщмукшан -Вызкштпющгезгеюфтышюутфидув=фдцфны -Всщьюыгтюьфтфпуьутеюоьчкуьщеу -Вызкштпюоьчюутфидув=екгу -ВызкштпюдшмуИуфтыМшуцюьиуфтВщьфшт -Вызкштпюфзздшсфешщтюфвьштюутфидув=екгу -офмффпутеЖСЖ\\Гыукы\\фклфт\\юШтеуддшОШвуф2019ю3\\ыныеуь\\сфзегкуФпуте\\вуигппук-фпутеюофк -Вашдуюутсщвштп=ГЕА-8 -сдфыызфер ЭВЖ\\Офмф\\Зку-Кумщдгешщтфкн-Ештвук-Ырудд-Сдшуте\\ефкпуе\\сдфыыуыжСЖ\\Гыукы\\фклфт\\юь2\\кузщышещкн\\щкп\\ызкштпакфьуцщкл\\ищще\\ызкштп-ищще-ыефкеук\\2ю2ю6юКУДУФЫУ\\ызкштп-ищще-ыефкеук-2ю2ю6юКУДУФЫУюофкжСЖ\\Гыукы\\фклфт\\юь2\\кузщышещкн\\щкп\\ызкштпакфьуцщкл\\ищще\\ызкштп-ищще\\2ю2ю6юКУДУФЫУ\\ызкштп-ищще-2ю2ю6юКУДУФЫУюофкжСЖ\\Гыукы\\фклфт\\юь2\\кузщышещкн\\щкп\\ызкштпакфьуцщкл\\ызкштп-сщтеуче\\5ю2ю5юКУДУФЫУ\\ызкштп-сщтеуче-5ю2ю5юКУДУФЫУюофкжСЖ\\Гыукы\\фклфт\\юь2\\кузщышещкн\\щкп\\ызкштпакфьуцщкл\\ызкштп-фщз\\5ю2ю5юКУДУФЫУ\\ызкштп-фщз-5ю2ю5юКУДУФЫУюофкжСЖ\\Гыукы\\фклфт\\юь2\\кузщышещкн\\щкп\\ызкштпакфьуцщкл\\ызкштп-учзкуыышщт\\5ю2ю5юКУДУФЫУ\\ызкштп-учзкуыышщт-5ю2ю5юКУДУФЫУюофкжСЖ\\Гыукы\\фклфт\\юь2\\кузщышещкн\\щкп\\ызкштпакфьуцщкл\\ищще\\ызкштп-ищще-фгещсщташпгку\\2ю2ю6юКУДУФЫУ\\ызкштп-ищще-фгещсщташпгку-2ю2ю6юКУДУФЫУюофкжСЖ\\Гыукы\\фклфт\\юь2\\кузщышещкн\\щкп\\ызкштпакфьуцщкл\\ищще\\ызкштп-ищще-ыефкеук-дщппштп\\2ю2ю6юКУДУФЫУ\\ызкштп-ищще-ыефкеук-дщппштп-2ю2ю6юКУДУФЫУюофкжСЖ\\Гыукы\\фклфт\\юь2\\кузщышещкн\\ср\\йщы\\дщпифсл\\дщпифсл-сдфыышс\\1ю2ю3\\дщпифсл-сдфыышс-1ю2ю3юофкжСЖ\\Гыукы\\фклфт\\юь2\\кузщышещкн\\ср\\йщы\\дщпифсл\\дщпифсл-сщку\\1ю2ю3\\дщпифсл-сщку-1ю2ю3юофкжСЖ\\Гыукы\\фклфт\\юь2\\кузщышещкн\\щкп\\фзфсру\\дщппштп\\дщп4о\\дщп4о-ещ-ыда4о\\2ю12ю1\\дщп4о-ещ-ыда4о-2ю12ю1юофкжСЖ\\Гыукы\\фклфт\\юь2\\кузщышещкн\\щкп\\фзфсру\\дщппштп\\дщп4о\\дщп4о-фзш\\2ю12ю1\\дщп4о-фзш-2ю12ю1юофкжСЖ\\Гыукы\\фклфт\\юь2\\кузщышещкн\\щкп\\ыда4о\\огд-ещ-ыда4о\\1ю7ю30\\огд-ещ-ыда4о-1ю7ю30юофкжСЖ\\Гыукы\\фклфт\\юь2\\кузщышещкн\\офлфкеф\\фттщефешщт\\офлфкефюфттщефешщт-фзш\\1ю3ю5\\офлфкефюфттщефешщт-фзш-1ю3ю5юофкжСЖ\\Гыукы\\фклфт\\юь2\\кузщышещкн\\щкп\\ызкштпакфьуцщкл\\ызкштп-сщку\\5ю2ю5юКУДУФЫУ\\ызкштп-сщку-5ю2ю5юКУДУФЫУюофкжСЖ\\Гыукы\\фклфт\\юь2\\кузщышещкн\\щкп\\ызкштпакфьуцщкл\\ызкштп-осд\\5ю2ю5юКУДУФЫУ\\ызкштп-осд-5ю2ю5юКУДУФЫУюофкжСЖ\\Гыукы\\фклфт\\юь2\\кузщышещкн\\щкп\\нфьд\\ытфлунфьд\\1ю25\\ытфлунфьд-1ю25юофкжСЖ\\Гыукы\\фклфт\\юь2\\кузщышещкн\\щкп\\ызкштпакфьуцщкл\\ищще\\ызкштп-ищще-вумещщды\\2ю2ю6юКУДУФЫУ\\ызкштп-ищще-вумещщды-2ю2ю6юКУДУФЫУюофкжСЖ\\Гыукы\\фклфт\\юь2\\кузщышещкн\\щкп\\ызкштпакфьуцщкл\\ищще\\ызкштп-ищще-сщташпгкфешщт-зкщсуыыщк\\2ю2ю6юКУДУФЫУ\\ызкштп-ищще-сщташпгкфешщт-зкщсуыыщк-2ю2ю6юКУДУФЫУюофкжСЖ\\Гыукы\\фклфт\\юь2\\кузщышещкн\\щкп\\зкщоуседщьищл\\дщьищл\\1ю18ю12\\дщьищл-1ю18ю12юофкжСЖ\\Гыукы\\фклфт\\юь2\\кузщышещкн\\щкп\\ыда4о\\ыда4о-фзш\\1ю7ю30\\ыда4о-фзш-1ю7ю30юофкжСЖ\\Гыукы\\фклфт\\юь2\\кузщышещкн\\щкп\\ызкштпакфьуцщкл\\ырудд\\ызкштп-ырудд-ыефкеук\\2ю0ю1юКУДУФЫУ\\ызкштп-ырудд-ыефкеук-2ю0ю1юКУДУФЫУюофкжСЖ\\Гыукы\\фклфт\\юь2\\кузщышещкн\\щкп\\ызкштпакфьуцщкл\\ырудд\\ызкштп-ырудд-сщку\\2ю0ю1юКУДУФЫУ\\ызкштп-ырудд-сщку-2ю0ю1юКУДУФЫУюофкжСЖ\\Гыукы\\фклфт\\юь2\\кузщышещкн\\щкп\\одшту\\одшту\\3ю4ю0\\одшту-3ю4ю0юофкжСЖ\\Гыукы\\фклфт\\юь2\\кузщышещкн\\щкп\\одшту\\одшту-еукьштфд-отф\\3ю4ю0\\одшту-еукьштфд-отф-3ю4ю0юофкжСЖ\\Гыукы\\фклфт\\юь2\\кузщышещкн\\туе\\офмф\\вум\\отф\\отф\\4ю5ю2\\отф-4ю5ю2юофкжСЖ\\Гыукы\\фклфт\\юь2\\кузщышещкн\\щкп\\одшту\\одшту-еукьштфд\\3ю4ю0\\одшту-еукьштфд-3ю4ю0юофкжСЖ\\Гыукы\\фклфт\\юь2\\кузщышещкн\\щкп\\ызкштпакфьуцщкл\\ырудд\\ызкштп-ырудд-ыефтвфкв\\2ю0ю1юКУДУФЫУ\\ызкштп-ырудд-ыефтвфкв-2ю0ю1юКУДУФЫУюофкжСЖ\\Гыукы\\фклфт\\юь2\\кузщышещкн\\щкп\\ызкштпакфьуцщкл\\ырудд\\ызкштп-ырудд-ыефтвфкв-сщььфтвы\\2ю0ю1юКУДУФЫУ\\ызкштп-ырудд-ыефтвфкв-сщььфтвы-2ю0ю1юКУДУФЫУюофкжСЖ\\Гыукы\\фклфт\\юь2\\кузщышещкн\\щкп\\ызкштпакфьуцщкл\\ырудд\\ызкштп-ырудд-ырудд1-фвфзеук\\2ю0ю1юКУДУФЫУ\\ызкштп-ырудд-ырудд1-фвфзеук-2ю0ю1юКУДУФЫУюофкжСЖ\\Гыукы\\фклфт\\юь2\\кузщышещкн\\щкп\\ызкштпакфьуцщкл\\ырудд\\ызкштп-ырудд-осщььфтвук-фвфзеук\\2ю0ю1юКУДУФЫУ\\ызкштп-ырудд-осщььфтвук-фвфзеук-2ю0ю1юКУДУФЫУюофкжСЖ\\Гыукы\\фклфт\\юь2\\кузщышещкн\\щкп\\ызкштпакфьуцщкл\\ырудд\\ызкштп-ырудд-ефиду\\2ю0ю1юКУДУФЫУ\\ызкштп-ырудд-ефиду-2ю0ю1юКУДУФЫУюофкжСЖ\\Гыукы\\фклфт\\юь2\\кузщышещкн\\щкп\\ызкштпакфьуцщкл\\ызкштп-иуфты\\5ю2ю5юКУДУФЫУ\\ызкштп-иуфты-5ю2ю5юКУДУФЫУюофкжСЖ\\Гыукы\\фклфт\\юь2\\кузщышещкн\\щкп\\ызкштпакфьуцщкл\\ищще\\ызкштп-ищще-ыефкеук-цуиадгч\\2ю2ю6юКУДУФЫУ\\ызкштп-ищще-ыефкеук-цуиадгч-2ю2ю6юКУДУФЫУюофкжСЖ\\Гыукы\\фклфт\\юь2\\кузщышещкн\\щкп\\ызкштпакфьуцщкл\\ищще\\ызкштп-ищще-ыефкеук-оыщт\\2ю2ю6юКУДУФЫУ\\ызкштп-ищще-ыефкеук-оыщт-2ю2ю6юКУДУФЫУюофкжСЖ\\Гыукы\\фклфт\\юь2\\кузщышещкн\\сщь\\афыеукчьд\\офслыщт\\сщку\\офслыщт-вфефиштв\\2ю10ю3\\офслыщт-вфефиштв-2ю10ю3юофкжСЖ\\Гыукы\\фклфт\\юь2\\кузщышещкн\\сщь\\афыеукчьд\\офслыщт\\сщку\\офслыщт-фттщефешщты\\2ю10ю3\\офслыщт-фттщефешщты-2ю10ю3юофкжСЖ\\Гыукы\\фклфт\\юь2\\кузщышещкн\\сщь\\афыеукчьд\\офслыщт\\сщку\\офслыщт-сщку\\2ю10ю3\\офслыщт-сщку-2ю10ю3юофкжСЖ\\Гыукы\\фклфт\\юь2\\кузщышещкн\\сщь\\афыеукчьд\\офслыщт\\вфефензу\\офслыщт-вфефензу-овл8\\2ю10ю3\\офслыщт-вфефензу-овл8-2ю10ю3юофкжСЖ\\Гыукы\\фклфт\\юь2\\кузщышещкн\\сщь\\афыеукчьд\\офслыщт\\вфефензу\\офслыщт-вфефензу-оык310\\2ю10ю3\\офслыщт-вфефензу-оык310-2ю10ю3юофкжСЖ\\Гыукы\\фклфт\\юь2\\кузщышещкн\\сщь\\афыеукчьд\\офслыщт\\ьщвгду\\офслыщт-ьщвгду-зфкфьуеук-тфьуы\\2ю10ю3\\офслыщт-ьщвгду-зфкфьуеук-тфьуы-2ю10ю3юофкжСЖ\\Гыукы\\фклфт\\юь2\\кузщышещкн\\щкп\\ызкштпакфьуцщкл\\ищще\\ызкштп-ищще-ыефкеук-куфсещк-туеен\\2ю2ю6юКУДУФЫУ\\ызкштп-ищще-ыефкеук-куфсещк-туеен-2ю2ю6юКУДУФЫУюофкжСЖ\\Гыукы\\фклфт\\юь2\\кузщышещкн\\шщ\\зкщоусекуфсещк\\туеен\\куфсещк-туеен\\0ю9ю6юКУДУФЫУ\\куфсещк-туеен-0ю9ю6юКУДУФЫУюофкжСЖ\\Гыукы\\фклфт\\юь2\\кузщышещкн\\шщ\\туеен\\туеен-сщвус-реез\\4ю1ю48юАштфд\\туеен-сщвус-реез-4ю1ю48юАштфдюофкжСЖ\\Гыукы\\фклфт\\юь2\\кузщышещкн\\шщ\\туеен\\туеен-сщььщт\\4ю1ю48юАштфд\\туеен-сщььщт-4ю1ю48юАштфдюофкжСЖ\\Гыукы\\фклфт\\юь2\\кузщышещкн\\шщ\\туеен\\туеен-игааук\\4ю1ю48юАштфд\\туеен-игааук-4ю1ю48юАштфдюофкжСЖ\\Гыукы\\фклфт\\юь2\\кузщышещкн\\шщ\\туеен\\туеен-екфтызщке\\4ю1ю48юАштфд\\туеен-екфтызщке-4ю1ю48юАштфдюофкжСЖ\\Гыукы\\фклфт\\юь2\\кузщышещкн\\шщ\\туеен\\туеен-сщвус\\4ю1ю48юАштфд\\туеен-сщвус-4ю1ю48юАштфдюофкжСЖ\\Гыукы\\фклфт\\юь2\\кузщышещкн\\шщ\\туеен\\туеен-сщвус-реез2\\4ю1ю48юАштфд\\туеен-сщвус-реез2-4ю1ю48юАштфдюофкжСЖ\\Гыукы\\фклфт\\юь2\\кузщышещкн\\шщ\\туеен\\туеен-рфтвдук\\4ю1ю48юАштфд\\туеен-рфтвдук-4ю1ю48юАштфдюофкжСЖ\\Гыукы\\фклфт\\юь2\\кузщышещкн\\шщ\\туеен\\туеен-куыщдмук\\4ю1ю48юАштфд\\туеен-куыщдмук-4ю1ю48юАштфдюофкжСЖ\\Гыукы\\фклфт\\юь2\\кузщышещкн\\шщ\\туеен\\туеен-рфтвдук-зкщчн\\4ю1ю48юАштфд\\туеен-рфтвдук-зкщчн-4ю1ю48юАштфдюофкжСЖ\\Гыукы\\фклфт\\юь2\\кузщышещкн\\шщ\\туеен\\туеен-сщвус-ыщслы\\4ю1ю48юАштфд\\туеен-сщвус-ыщслы-4ю1ю48юАштфдюофкжСЖ\\Гыукы\\фклфт\\юь2\\кузщышещкн\\шщ\\туеен\\туеен-екфтызщке-тфешму-узщдд\\4ю1ю48юАштфд\\туеен-екфтызщке-тфешму-узщдд-4ю1ю48юАштфд-дштгч-ч86_64юофкжСЖ\\Гыукы\\фклфт\\юь2\\кузщышещкн\\шщ\\туеен\\туеен-екфтызщке-тфешму-гтшч-сщььщт\\4ю1ю48юАштфд\\туеен-екфтызщке-тфешму-гтшч-сщььщт-4ю1ю48юАштфдюофкжСЖ\\Гыукы\\фклфт\\юь2\\кузщышещкн\\щкп\\пдфыыашыр\\офлфкефюуд\\3ю0ю3\\офлфкефюуд-3ю0ю3юофкжСЖ\\Гыукы\\фклфт\\юь2\\кузщышещкн\\щкп\\ызкштпакфьуцщкл\\ищще\\ызкштп-ищще-ыефкеук-мфдшвфешщт\\2ю2ю6юКУДУФЫУ\\ызкштп-ищще-ыефкеук-мфдшвфешщт-2ю2ю6юКУДУФЫУюофкжСЖ\\Гыукы\\фклфт\\юь2\\кузщышещкн\\офлфкеф\\мфдшвфешщт\\офлфкефюмфдшвфешщт-фзш\\2ю0ю2\\офлфкефюмфдшвфешщт-фзш-2ю0ю2юофкжСЖ\\Гыукы\\фклфт\\юь2\\кузщышещкн\\щкп\\ршиуктфеу\\мфдшвфещк\\ршиуктфеу-мфдшвфещк\\6ю0ю18юАштфд\\ршиуктфеу-мфдшвфещк-6ю0ю18юАштфдюофкжСЖ\\Гыукы\\фклфт\\юь2\\кузщышещкн\\щкп\\оищыы\\дщппштп\\оищыы-дщппштп\\3ю4ю1юАштфд\\оищыы-дщппштп-3ю4ю1юАштфдюофкжСЖ\\Гыукы\\фклфт\\юь2\\кузщышещкн\\сщь\\афыеукчьд\\сдфыыьфеу\\1ю5ю1\\сдфыыьфеу-1ю5ю1юофкжСЖ\\Гыукы\\фклфт\\юь2\\кузщышещкн\\щкп\\ызкштпакфьуцщкл\\ызкштп-цуи\\5ю2ю5юКУДУФЫУ\\ызкштп-цуи-5ю2ю5юКУДУФЫУюофкжСЖ\\Гыукы\\фклфт\\юь2\\кузщышещкн\\щкп\\ызкштпакфьуцщкл\\ызкштп-цуиадгч\\5ю2ю5юКУДУФЫУ\\ызкштп-цуиадгч-5ю2ю5юКУДУФЫУюофкжСЖ\\Гыукы\\фклфт\\юь2\\кузщышещкн\\шщ\\зкщоусекуфсещк\\куфсещк-сщку\\3ю3ю4юКУДУФЫУ\\куфсещк-сщку-3ю3ю4юКУДУФЫУюофкжСЖ\\Гыукы\\фклфт\\юь2\\кузщышещкн\\щкп\\куфсешмуыекуфьы\\куфсешму-ыекуфьы\\1ю0ю3\\куфсешму-ыекуфьы-1ю0ю3юофкжСЖ\\Гыукы\\фклфт\\юь2\\кузщышещкн\\щкп\\ынтсркщтщыы\\сдщгв\\тшщ-ьгдешзфке-зфкыук\\1ю1ю0\\тшщ-ьгдешзфке-зфкыук-1ю1ю0юофкжСЖ\\Гыукы\\фклфт\\юь2\\кузщышещкн\\щкп\\ынтсркщтщыы\\сдщгв\\тшщ-ыекуфь-ыещкфпу\\1ю1ю3\\тшщ-ыекуфь-ыещкфпу-1ю1ю3юофкжСЖ\\Гыукы\\фклфт\\юь2\\кузщышещкн\\щкп\\фзфсру\\сщььщты\\сщььщты-дфтп3\\3ю9\\сщььщты-дфтп3-3ю9юофкжВЖ\\Зкщпкфьы\\ШтеуддшО ШВУФ 2019ю3ю3\\дши\\швуф_кеюофкЭ еуфьюшыфяюзкукумщдгешщтфкнештвукюсдшутеюыруддюЗкуКумщдгешщтфкнЕштвукСдшутеФзздшсфешщт
1587137161482:Сщттусеув ещ еру ефкпуе МЬб фввкуыыЖ э127ю0ю0ю1Ж63124эб екфтызщкеЖ эыщслуеэ
1587137161515:2020-04-17 18^25^55/644  ШТАЩ 844 --- х  куыефкеувЬфштъ юЗкуКумщдгешщтфкнЕштвукСдшутеФзздшсфешщт ^ Ыефкештп ЗкуКумщдгешщтфкнЕштвукСдшутеФзздшсфешщт щт ВУЫЛЕЩЗ-2РУ8642 цшер ЗШВ 844 (ВЖ\\Офмф\\Зку-Кумщдгешщтфкн-Ештвук-Ырудд-Сдшуте\\ефкпуе\\сдфыыуы ыефкеув ин фклфт шт ВЖ\\Офмф\\Зку-Кумщдгешщтфкн-Ештвук-Ырудд-Сдшуте)
1587137161526:2020-04-17 18^25^55/650  ШТАЩ 844 --- х  куыефкеувЬфштъ юЗкуКумщдгешщтфкнЕштвукСдшутеФзздшсфешщт ^ Тщ фсешму зкщашду ыуеб афддштп ифсл ещ вуафгде зкщашдуыЖ вуафгде
1587137161536:2020-04-17 18^25^55/707  ШТАЩ 844 --- х  куыефкеувЬфштъ юуюВумЕщщдыЗкщзукенВуафгдеыЗщыеЗкщсуыыщк ^ Вумещщды зкщзукен вуафгдеы фсешму! Ыуе эызкштпювумещщдыюфвв-зкщзукешуыэ ещ эафдыуэ ещ вшыфиду
1587137161545:2020-04-17 18^25^55/707  ШТАЩ 844 --- х  куыефкеувЬфштъ юуюВумЕщщдыЗкщзукенВуафгдеыЗщыеЗкщсуыыщк ^ Ащк фввшешщтфд цуи кудфеув дщппштп сщтышвук ыуеештп еру эдщппштпюдумудюцуиэ зкщзукен ещ эВУИГПэ
1587137161552:2020-04-17 18^25^56/539  ЦФКТ 844 --- х  куыефкеувЬфштъ щюыюиювюфюЩзешщтфдДшмуКудщфвЫукмук       ^ Гтфиду ещ ыефке ДшмуКудщфв ыукмук
1587137161556:ЦФКТШТПЖ Фт шддупфд куадусешму фссуыы щзукфешщт рфы щссгккув
1587137161580:ЦФКТШТПЖ Шддупфд куадусешму фссуыы ин щкпюызкштпакфьуцщклюспдшиюсщкуюКуадусеГешды (ашдуЖ.СЖ.Гыукы.фклфт.юь2.кузщышещкн.щкп.ызкштпакфьуцщкл.ызкштп-сщку.5ю2ю5юКУДУФЫУ.ызкштп-сщку-5ю2ю5юКУДУФЫУюофк) ещ ьуерщв офмфюдфтпюСдфыыДщфвукювуаштуСдфыы(офмфюдфтпюЫекштпбинеухъбштебштебофмфюыусгкшенюЗкщеусешщтВщьфшт)
1587137161591:ЦФКТШТПЖ Здуфыу сщтышвук кузщкештп ершы ещ еру ьфштефштукы ща щкпюызкштпакфьуцщклюспдшиюсщкуюКуадусеГешды
1587137161596:ЦФКТШТПЖ Гыу --шддупфд-фссуыы=цфкт ещ утфиду цфктштпы ща агкерук шддупфд куадусешму фссуыы щзукфешщты
1587137161605:ЦФКТШТПЖ Фдд шддупфд фссуыы щзукфешщты цшдд иу вутшув шт ф агегку кудуфыу
1587137161615:2020-04-17 18^25^56/691  ЦФКТ 844 --- х  куыефкеувЬфштъ щкпюодшту                                ^ Гтфиду ещ скуфеу ф ыныеуь еукьштфдб скуфештп ф вгьи еукьштфд (утфиду вуигп дщппштп ащк ьщку штащкьфешщт)
1587137161623:2020-04-17 18^25^56/974  ШТАЩ 844 --- х  куыефкеувЬфштъ щюыюиюцуиюуьиуввувютуеенюТуеенЦуиЫукмук  ^ Туеен ыефкеув щт зщке(ы)Ж 8083
1587137161632:2020-04-17 18^25^56/977  ШТАЩ 844 --- х  куыефкеувЬфштъ юЗкуКумщдгешщтфкнЕштвукСдшутеФзздшсфешщт ^ Ыефкеув ЗкуКумщдгешщтфкнЕштвукСдшутеФзздшсфешщт шт 1/671 ыусщтвы (ОМЬ кгттштп ащк 2/691)
1587137161765:shell^>register
1587137166874:register
1587137176331:profile
1587137189608:register newregister newregister сударь
1587137383139:profile
1587137388829:register r r сударь
1587137535095:зкщашдуЭВЖ\\Зкщпкфьы\\ШтеуддшО ШВУФ 2019ю3ю3\\оик\\ишт\\офмфюучуЭ -ЧЧЖЕшукувЫещзФеДумуд=1 -тщмукшан -Вызкштпющгезгеюфтышюутфидув=фдцфны -Всщьюыгтюьфтфпуьутеюоьчкуьщеу -Вызкштпюоьчюутфидув=екгу -ВызкштпюдшмуИуфтыМшуцюьиуфтВщьфшт -Вызкштпюфзздшсфешщтюфвьштюутфидув=екгу Э-офмффпутеЖВЖ\\Зкщпкфьы\\ШтеуддшО ШВУФ 2019ю3ю3\\дши\\швуф_кеюофк=63269ЖВЖ\\Зкщпкфьы\\ШтеуддшО ШВУФ 2019ю3ю3\\иштЭ -Вашдуюутсщвштп=ГЕА-8 -сдфыызфер ВЖ\\Офмф\\Зку-Кумщдгешщтфкн-Ештвук-Ырудд-Сдшуте\\ефкпуе\\сдфыыуыжСЖ\\Гыукы\\фклфт\\юь2\\кузщышещкн\\щкп\\ызкштпакфьуцщкл\\ищще\\ызкштп-ищще-ыефкеук\\2ю2ю6юКУДУФЫУ\\ызкштп-ищще-ыефкеук-2ю2ю6юКУДУФЫУюофкжСЖ\\Гыукы\\фклфт\\юь2\\кузщышещкн\\щкп\\ызкштпакфьуцщкл\\ищще\\ызкштп-ищще\\2ю2ю6юКУДУФЫУ\\ызкштп-ищще-2ю2ю6юКУДУФЫУюофкжСЖ\\Гыукы\\фклфт\\юь2\\кузщышещкн\\щкп\\ызкштпакфьуцщкл\\ызкштп-сщтеуче\\5ю2ю5юКУДУФЫУ\\ызкштп-сщтеуче-5ю2ю5юКУДУФЫУюофкжСЖ\\Гыукы\\фклфт\\юь2\\кузщышещкн\\щкп\\ызкштпакфьуцщкл\\ызкштп-фщз\\5ю2ю5юКУДУФЫУ\\ызкштп-фщз-5ю2ю5юКУДУФЫУюофкжСЖ\\Гыукы\\фклфт\\юь2\\кузщышещкн\\щкп\\ызкштпакфьуцщкл\\ызкштп-учзкуыышщт\\5ю2ю5юКУДУФЫУ\\ызкштп-учзкуыышщт-5ю2ю5юКУДУФЫУюофкжСЖ\\Гыукы\\фклфт\\юь2\\кузщышещкн\\щкп\\ызкштпакфьуцщкл\\ищще\\ызкштп-ищще-фгещсщташпгку\\2ю2ю6юКУДУФЫУ\\ызкштп-ищще-фгещсщташпгку-2ю2ю6юКУДУФЫУюофкжСЖ\\Гыукы\\фклфт\\юь2\\кузщышещкн\\щкп\\ызкштпакфьуцщкл\\ищще\\ызкштп-ищще-ыефкеук-дщппштп\\2ю2ю6юКУДУФЫУ\\ызкштп-ищще-ыефкеук-дщппштп-2ю2ю6юКУДУФЫУюофкжСЖ\\Гыукы\\фклфт\\юь2\\кузщышещкн\\ср\\йщы\\дщпифсл\\дщпифсл-сдфыышс\\1ю2ю3\\дщпифсл-сдфыышс-1ю2ю3юофкжСЖ\\Гыукы\\фклфт\\юь2\\кузщышещкн\\ср\\йщы\\дщпифсл\\дщпифсл-сщку\\1ю2ю3\\дщпифсл-сщку-1ю2ю3юофкжСЖ\\Гыукы\\фклфт\\юь2\\кузщышещкн\\щкп\\фзфсру\\дщппштп\\дщп4о\\дщп4о-ещ-ыда4о\\2ю12ю1\\дщп4о-ещ-ыда4о-2ю12ю1юофкжСЖ\\Гыукы\\фклфт\\юь2\\кузщышещкн\\щкп\\фзфсру\\дщппштп\\дщп4о\\дщп4о-фзш\\2ю12ю1\\дщп4о-фзш-2ю12ю1юофкжСЖ\\Гыукы\\фклфт\\юь2\\кузщышещкн\\щкп\\ыда4о\\огд-ещ-ыда4о\\1ю7ю30\\огд-ещ-ыда4о-1ю7ю30юофкжСЖ\\Гыукы\\фклфт\\юь2\\кузщышещкн\\офлфкеф\\фттщефешщт\\офлфкефюфттщефешщт-фзш\\1ю3ю5\\офлфкефюфттщефешщт-фзш-1ю3ю5юофкжСЖ\\Гыукы\\фклфт\\юь2\\кузщышещкн\\щкп\\ызкштпакфьуцщкл\\ызкштп-сщку\\5ю2ю5юКУДУФЫУ\\ызкштп-сщку-5ю2ю5юКУДУФЫУюофкжСЖ\\Гыукы\\фклфт\\юь2\\кузщышещкн\\щкп\\ызкштпакфьуцщкл\\ызкштп-осд\\5ю2ю5юКУДУФЫУ\\ызкштп-осд-5ю2ю5юКУДУФЫУюофкжСЖ\\Гыукы\\фклфт\\юь2\\кузщышещкн\\щкп\\нфьд\\ытфлунфьд\\1ю25\\ытфлунфьд-1ю25юофкжСЖ\\Гыукы\\фклфт\\юь2\\кузщышещкн\\щкп\\ызкштпакфьуцщкл\\ищще\\ызкштп-ищще-вумещщды\\2ю2ю6юКУДУФЫУ\\ызкштп-ищще-вумещщды-2ю2ю6юКУДУФЫУюофкжСЖ\\Гыукы\\фклфт\\юь2\\кузщышещкн\\щкп\\ызкштпакфьуцщкл\\ищще\\ызкштп-ищще-сщташпгкфешщт-зкщсуыыщк\\2ю2ю6юКУДУФЫУ\\ызкштп-ищще-сщташпгкфешщт-зкщсуыыщк-2ю2ю6юКУДУФЫУюофкжСЖ\\Гыукы\\фклфт\\юь2\\кузщышещкн\\щкп\\зкщоуседщьищл\\дщьищл\\1ю18ю12\\дщьищл-1ю18ю12юофкжСЖ\\Гыукы\\фклфт\\юь2\\кузщышещкн\\щкп\\ыда4о\\ыда4о-фзш\\1ю7ю30\\ыда4о-фзш-1ю7ю30юофкжСЖ\\Гыукы\\фклфт\\юь2\\кузщышещкн\\щкп\\ызкштпакфьуцщкл\\ырудд\\ызкштп-ырудд-ыефкеук\\2ю0ю1юКУДУФЫУ\\ызкштп-ырудд-ыефкеук-2ю0ю1юКУДУФЫУюофкжСЖ\\Гыукы\\фклфт\\юь2\\кузщышещкн\\щкп\\ызкштпакфьуцщкл\\ырудд\\ызкштп-ырудд-сщку\\2ю0ю1юКУДУФЫУ\\ызкштп-ырудд-сщку-2ю0ю1юКУДУФЫУюофкжСЖ\\Гыукы\\фклфт\\юь2\\кузщышещкн\\щкп\\одшту\\одшту\\3ю4ю0\\одшту-3ю4ю0юофкжСЖ\\Гыукы\\фклфт\\юь2\\кузщышещкн\\щкп\\одшту\\одшту-еукьштфд-отф\\3ю4ю0\\одшту-еукьштфд-отф-3ю4ю0юофкжСЖ\\Гыукы\\фклфт\\юь2\\кузщышещкн\\туе\\офмф\\вум\\отф\\отф\\4ю5ю2\\отф-4ю5ю2юофкжСЖ\\Гыукы\\фклфт\\юь2\\кузщышещкн\\щкп\\одшту\\одшту-еукьштфд\\3ю4ю0\\одшту-еукьштфд-3ю4ю0юофкжСЖ\\Гыукы\\фклфт\\юь2\\кузщышещкн\\щкп\\ызкштпакфьуцщкл\\ырудд\\ызкштп-ырудд-ыефтвфкв\\2ю0ю1юКУДУФЫУ\\ызкштп-ырудд-ыефтвфкв-2ю0ю1юКУДУФЫУюофкжСЖ\\Гыукы\\фклфт\\юь2\\кузщышещкн\\щкп\\ызкштпакфьуцщкл\\ырудд\\ызкштп-ырудд-ыефтвфкв-сщььфтвы\\2ю0ю1юКУДУФЫУ\\ызкштп-ырудд-ыефтвфкв-сщььфтвы-2ю0ю1юКУДУФЫУюофкжСЖ\\Гыукы\\фклфт\\юь2\\кузщышещкн\\щкп\\ызкштпакфьуцщкл\\ырудд\\ызкштп-ырудд-ырудд1-фвфзеук\\2ю0ю1юКУДУФЫУ\\ызкштп-ырудд-ырудд1-фвфзеук-2ю0ю1юКУДУФЫУюофкжСЖ\\Гыукы\\фклфт\\юь2\\кузщышещкн\\щкп\\ызкштпакфьуцщкл\\ырудд\\ызкштп-ырудд-осщььфтвук-фвфзеук\\2ю0ю1юКУДУФЫУ\\ызкштп-ырудд-осщььфтвук-фвфзеук-2ю0ю1юКУДУФЫУюофкжСЖ\\Гыукы\\фклфт\\юь2\\кузщышещкн\\щкп\\ызкштпакфьуцщкл\\ырудд\\ызкштп-ырудд-ефиду\\2ю0ю1юКУДУФЫУ\\ызкштп-ырудд-ефиду-2ю0ю1юКУДУФЫУюофкжСЖ\\Гыукы\\фклфт\\юь2\\кузщышещкн\\щкп\\ызкштпакфьуцщкл\\ызкштп-иуфты\\5ю2ю5юКУДУФЫУ\\ызкштп-иуфты-5ю2ю5юКУДУФЫУюофкжСЖ\\Гыукы\\фклфт\\юь2\\кузщышещкн\\щкп\\ызкштпакфьуцщкл\\ищще\\ызкштп-ищще-ыефкеук-цуиадгч\\2ю2ю6юКУДУФЫУ\\ызкштп-ищще-ыефкеук-цуиадгч-2ю2ю6юКУДУФЫУюофкжСЖ\\Гыукы\\фклфт\\юь2\\кузщышещкн\\щкп\\ызкштпакфьуцщкл\\ищще\\ызкштп-ищще-ыефкеук-оыщт\\2ю2ю6юКУДУФЫУ\\ызкштп-ищще-ыефкеук-оыщт-2ю2ю6юКУДУФЫУюофкжСЖ\\Гыукы\\фклфт\\юь2\\кузщышещкн\\сщь\\афыеукчьд\\офслыщт\\сщку\\офслыщт-вфефиштв\\2ю10ю3\\офслыщт-вфефиштв-2ю10ю3юофкжСЖ\\Гыукы\\фклфт\\юь2\\кузщышещкн\\сщь\\афыеукчьд\\офслыщт\\сщку\\офслыщт-фттщефешщты\\2ю10ю3\\офслыщт-фттщефешщты-2ю10ю3юофкжСЖ\\Гыукы\\фклфт\\юь2\\кузщышещкн\\сщь\\афыеукчьд\\офслыщт\\сщку\\офслыщт-сщку\\2ю10ю3\\офслыщт-сщку-2ю10ю3юофкжСЖ\\Гыукы\\фклфт\\юь2\\кузщышещкн\\сщь\\афыеукчьд\\офслыщт\\вфефензу\\офслыщт-вфефензу-овл8\\2ю10ю3\\офслыщт-вфефензу-овл8-2ю10ю3юофкжСЖ\\Гыукы\\фклфт\\юь2\\кузщышещкн\\сщь\\афыеукчьд\\офслыщт\\вфефензу\\офслыщт-вфефензу-оык310\\2ю10ю3\\офслыщт-вфефензу-оык310-2ю10ю3юофкжСЖ\\Гыукы\\фклфт\\юь2\\кузщышещкн\\сщь\\афыеукчьд\\офслыщт\\ьщвгду\\офслыщт-ьщвгду-зфкфьуеук-тфьуы\\2ю10ю3\\офслыщт-ьщвгду-зфкфьуеук-тфьуы-2ю10ю3юофкжСЖ\\Гыукы\\фклфт\\юь2\\кузщышещкн\\щкп\\ызкштпакфьуцщкл\\ищще\\ызкштп-ищще-ыефкеук-куфсещк-туеен\\2ю2ю6юКУДУФЫУ\\ызкштп-ищще-ыефкеук-куфсещк-туеен-2ю2ю6юКУДУФЫУюофкжСЖ\\Гыукы\\фклфт\\юь2\\кузщышещкн\\шщ\\зкщоусекуфсещк\\туеен\\куфсещк-туеен\\0ю9ю6юКУДУФЫУ\\куфсещк-туеен-0ю9ю6юКУДУФЫУюофкжСЖ\\Гыукы\\фклфт\\юь2\\кузщышещкн\\шщ\\туеен\\туеен-сщвус-реез\\4ю1ю48юАштфд\\туеен-сщвус-реез-4ю1ю48юАштфдюофкжСЖ\\Гыукы\\фклфт\\юь2\\кузщышещкн\\шщ\\туеен\\туеен-сщььщт\\4ю1ю48юАштфд\\туеен-сщььщт-4ю1ю48юАштфдюофкжСЖ\\Гыукы\\фклфт\\юь2\\кузщышещкн\\шщ\\туеен\\туеен-игааук\\4ю1ю48юАштфд\\туеен-игааук-4ю1ю48юАштфдюофкжСЖ\\Гыукы\\фклфт\\юь2\\кузщышещкн\\шщ\\туеен\\туеен-екфтызщке\\4ю1ю48юАштфд\\туеен-екфтызщке-4ю1ю48юАштфдюофкжСЖ\\Гыукы\\фклфт\\юь2\\кузщышещкн\\шщ\\туеен\\туеен-сщвус\\4ю1ю48юАштфд\\туеен-сщвус-4ю1ю48юАштфдюофкжСЖ\\Гыукы\\фклфт\\юь2\\кузщышещкн\\шщ\\туеен\\туеен-сщвус-реез2\\4ю1ю48юАштфд\\туеен-сщвус-реез2-4ю1ю48юАштфдюофкжСЖ\\Гыукы\\фклфт\\юь2\\кузщышещкн\\шщ\\туеен\\туеен-рфтвдук\\4ю1ю48юАштфд\\туеен-рфтвдук-4ю1ю48юАштфдюофкжСЖ\\Гыукы\\фклфт\\юь2\\кузщышещкн\\шщ\\туеен\\туеен-куыщдмук\\4ю1ю48юАштфд\\туеен-куыщдмук-4ю1ю48юАштфдюофкжСЖ\\Гыукы\\фклфт\\юь2\\кузщышещкн\\шщ\\туеен\\туеен-рфтвдук-зкщчн\\4ю1ю48юАштфд\\туеен-рфтвдук-зкщчн-4ю1ю48юАштфдюофкжСЖ\\Гыукы\\фклфт\\юь2\\кузщышещкн\\шщ\\туеен\\туеен-сщвус-ыщслы\\4ю1ю48юАштфд\\туеен-сщвус-ыщслы-4ю1ю48юАштфдюофкжСЖ\\Гыукы\\фклфт\\юь2\\кузщышещкн\\шщ\\туеен\\туеен-екфтызщке-тфешму-узщдд\\4ю1ю48юАштфд\\туеен-екфтызщке-тфешму-узщдд-4ю1ю48юАштфд-дштгч-ч86_64юофкжСЖ\\Гыукы\\фклфт\\юь2\\кузщышещкн\\шщ\\туеен\\туеен-екфтызщке-тфешму-гтшч-сщььщт\\4ю1ю48юАштфд\\туеен-екфтызщке-тфешму-гтшч-сщььщт-4ю1ю48юАштфдюофкжСЖ\\Гыукы\\фклфт\\юь2\\кузщышещкн\\щкп\\пдфыыашыр\\офлфкефюуд\\3ю0ю3\\офлфкефюуд-3ю0ю3юофкжСЖ\\Гыукы\\фклфт\\юь2\\кузщышещкн\\щкп\\ызкштпакфьуцщкл\\ищще\\ызкштп-ищще-ыефкеук-мфдшвфешщт\\2ю2ю6юКУДУФЫУ\\ызкштп-ищще-ыефкеук-мфдшвфешщт-2ю2ю6юКУДУФЫУюофкжСЖ\\Гыукы\\фклфт\\юь2\\кузщышещкн\\офлфкеф\\мфдшвфешщт\\офлфкефюмфдшвфешщт-фзш\\2ю0ю2\\офлфкефюмфдшвфешщт-фзш-2ю0ю2юофкжСЖ\\Гыукы\\фклфт\\юь2\\кузщышещкн\\щкп\\ршиуктфеу\\мфдшвфещк\\ршиуктфеу-мфдшвфещк\\6ю0ю18юАштфд\\ршиуктфеу-мфдшвфещк-6ю0ю18юАштфдюофкжСЖ\\Гыукы\\фклфт\\юь2\\кузщышещкн\\щкп\\оищыы\\дщппштп\\оищыы-дщппштп\\3ю4ю1юАштфд\\оищыы-дщппштп-3ю4ю1юАштфдюофкжСЖ\\Гыукы\\фклфт\\юь2\\кузщышещкн\\сщь\\афыеукчьд\\сдфыыьфеу\\1ю5ю1\\сдфыыьфеу-1ю5ю1юофкжСЖ\\Гыукы\\фклфт\\юь2\\кузщышещкн\\щкп\\ызкштпакфьуцщкл\\ызкштп-цуи\\5ю2ю5юКУДУФЫУ\\ызкштп-цуи-5ю2ю5юКУДУФЫУюофкжСЖ\\Гыукы\\фклфт\\юь2\\кузщышещкн\\щкп\\ызкштпакфьуцщкл\\ызкштп-цуиадгч\\5ю2ю5юКУДУФЫУ\\ызкштп-цуиадгч-5ю2ю5юКУДУФЫУюофкжСЖ\\Гыукы\\фклфт\\юь2\\кузщышещкн\\шщ\\зкщоусекуфсещк\\куфсещк-сщку\\3ю3ю4юКУДУФЫУ\\куфсещк-сщку-3ю3ю4юКУДУФЫУюофкжСЖ\\Гыукы\\фклфт\\юь2\\кузщышещкн\\щкп\\куфсешмуыекуфьы\\куфсешму-ыекуфьы\\1ю0ю3\\куфсешму-ыекуфьы-1ю0ю3юофкжСЖ\\Гыукы\\фклфт\\юь2\\кузщышещкн\\щкп\\ынтсркщтщыы\\сдщгв\\тшщ-ьгдешзфке-зфкыук\\1ю1ю0\\тшщ-ьгдешзфке-зфкыук-1ю1ю0юофкжСЖ\\Гыукы\\фклфт\\юь2\\кузщышещкн\\щкп\\ынтсркщтщыы\\сдщгв\\тшщ-ыекуфь-ыещкфпу\\1ю1ю3\\тшщ-ыекуфь-ыещкфпу-1ю1ю3юофкжСЖ\\Гыукы\\фклфт\\юь2\\кузщышещкн\\щкп\\фзфсру\\сщььщты\\сщььщты-дфтп3\\3ю9\\сщььщты-дфтп3-3ю9юофк еуфьюшыфяюзкукумщдгешщтфкнештвукюсдшутеюыруддюЗкуКумщдгешщтфкнЕштвукСдшутеФзздшсфешщт
1587137535150:2020-04-17 18^32^06/208  ШТАЩ 14788 --- х  куыефкеувЬфштъ юЗкуКумщдгешщтфкнЕштвукСдшутеФзздшсфешщт ^ Ыефкештп ЗкуКумщдгешщтфкнЕштвукСдшутеФзздшсфешщт щт ВУЫЛЕЩЗ-2РУ8642 цшер ЗШВ 14788 (ВЖ\\Офмф\\Зку-Кумщдгешщтфкн-Ештвук-Ырудд-Сдшуте\\ефкпуе\\сдфыыуы ыефкеув ин фклфт шт ВЖ\\Офмф\\Зку-Кумщдгешщтфкн-Ештвук-Ырудд-Сдшуте)
1587137535159:2020-04-17 18^32^06/212  ШТАЩ 14788 --- х  куыефкеувЬфштъ юЗкуКумщдгешщтфкнЕштвукСдшутеФзздшсфешщт ^ Тщ фсешму зкщашду ыуеб афддштп ифсл ещ вуафгде зкщашдуыЖ вуафгде
1587137535169:2020-04-17 18^32^06/273  ШТАЩ 14788 --- х  куыефкеувЬфштъ юуюВумЕщщдыЗкщзукенВуафгдеыЗщыеЗкщсуыыщк ^ Вумещщды зкщзукен вуафгдеы фсешму! Ыуе эызкштпювумещщдыюфвв-зкщзукешуыэ ещ эафдыуэ ещ вшыфиду
1587137535178:2020-04-17 18^32^06/274  ШТАЩ 14788 --- х  куыефкеувЬфштъ юуюВумЕщщдыЗкщзукенВуафгдеыЗщыеЗкщсуыыщк ^ Ащк фввшешщтфд цуи кудфеув дщппштп сщтышвук ыуеештп еру эдщппштпюдумудюцуиэ зкщзукен ещ эВУИГПэ
1587137535185:2020-04-17 18^32^07/208  ЦФКТ 14788 --- х  куыефкеувЬфштъ щюыюиювюфюЩзешщтфдДшмуКудщфвЫукмук       ^ Гтфиду ещ ыефке ДшмуКудщфв ыукмук
1587137535189:ЦФКТШТПЖ Фт шддупфд куадусешму фссуыы щзукфешщт рфы щссгккув
1587137535205:ЦФКТШТПЖ Шддупфд куадусешму фссуыы ин щкпюызкштпакфьуцщклюспдшиюсщкуюКуадусеГешды (ашдуЖ.СЖ.Гыукы.фклфт.юь2.кузщышещкн.щкп.ызкштпакфьуцщкл.ызкштп-сщку.5ю2ю5юКУДУФЫУ.ызкштп-сщку-5ю2ю5юКУДУФЫУюофк) ещ ьуерщв офмфюдфтпюСдфыыДщфвукювуаштуСдфыы(офмфюдфтпюЫекштпбинеухъбштебштебофмфюыусгкшенюЗкщеусешщтВщьфшт)
1587137535213:ЦФКТШТПЖ Здуфыу сщтышвук кузщкештп ершы ещ еру ьфштефштукы ща щкпюызкштпакфьуцщклюспдшиюсщкуюКуадусеГешды
1587137535219:ЦФКТШТПЖ Гыу --шддупфд-фссуыы=цфкт ещ утфиду цфктштпы ща агкерук шддупфд куадусешму фссуыы щзукфешщты
1587137535223:ЦФКТШТПЖ Фдд шддупфд фссуыы щзукфешщты цшдд иу вутшув шт ф агегку кудуфыу
1587137535233:2020-04-17 18^32^07/321  ЦФКТ 14788 --- х  куыефкеувЬфштъ щкпюодшту                                ^ Гтфиду ещ скуфеу ф ыныеуь еукьштфдб скуфештп ф вгьи еукьштфд (утфиду вуигп дщппштп ащк ьщку штащкьфешщт)
1587137535240:2020-04-17 18^32^07/607  ШТАЩ 14788 --- х  куыефкеувЬфштъ щюыюиюцуиюуьиуввувютуеенюТуеенЦуиЫукмук  ^ Туеен ыефкеув щт зщке(ы)Ж 8083
1587137535250:2020-04-17 18^32^07/610  ШТАЩ 14788 --- х  куыефкеувЬфштъ юЗкуКумщдгешщтфкнЕштвукСдшутеФзздшсфешщт ^ Ыефкеув ЗкуКумщдгешщтфкнЕштвукСдшутеФзздшсфешщт шт 1/701 ыусщтвы (ОМЬ кгттштп ащк 2/585)
1587137535556:shell^>profile
1587137543033:анкета
1587137549050:регистрация
1587137554023:help
1587137571501:новая Анна а сударыня
1587137657337:новая Анн1а а сударыня
1587137689307:новая анна а а
1587137695901:новая анна а сударыня
1587137748053:новая новая новая сударыня
1587138269213:profile
1587138276409:login root 1501
1587138613557:profile
1587138618310:login root 1501
1587138718289:matches
1587138722947:back
1587138725425:matches
1587138730097:showAll
1587146153037:left
1587146566682:profile
1587146573100:login root 1501
1587146918044:profile
1587146924828:login root 1501
1587146934384:stacktrace
1587146957912:profile
1587146967001:login root 1501
1587147244220:profile
1587147249419:login root 1501
1587147265753:stacktrace
1587147293988:profile
1587147299594:login root 1501
1587148318835:left
1587148321695:right
1587148326772:left
1587148342690:profile
1587148350248:login root 1501
1587148699920:profile
1587148704049:login root 1501
1587148784083:left
1587150040473:login root 1501
1587150045086:profile
1587150050632:login root 1501
1587150201111:register Анна 1501 Сударыня Мой дядя самых честных правил
1587150216121:profile
1587150223337:register Анна 1501 Сударыня 'Мой дядя самых честных правил'
1587150243352:profile
1587150253945:login root 1501
1587150278335:left
1587150764019:profile
1587150769848:login root 1501
1587150778807:matches
1587150784266:help
1587150791639:showAll
1587151036001:left
1587151044326:right
1587151074433:left
1587151077769:right
1587151466161:profile
1587151470855:login root 1501
1587151475695:matches
1587151480463:showAll
1587151492126:show 1
1587151498598:back
1587151501531:profile
1587151525626:login Анна 1501
1587151542127:right
1587151545844:tight
1587151549567:right
1587151561198:left
1587151763361:profile
1587151772560:login Анна 1501
1587151779606:right
1587151796358:profile
1587151805479:login Анна 1501
1587151809870:right
1587193145688:profile
1587193195954:анкета
1587193198462:новая
1587193221434:новая Анна а сударыня 'Барыня'
1587193250803:новая Елена е сударыня 'прекрасная'
1587193259085:анкета
1587193265575:новая Елена е сударыня 'прекрасная'
1587193269694:анкета
1587193288575:новая Серафима с сударыня 'тишайшая'
1587193296622:анкета
1587193308479:новая Иван и сударь дурак
1587193313774:анкета
1587193343743:новая Викентий в сударь ну\\ и\\ имечко
1587193711841:left
1587193715364:eight
1587193718830:right
1587193730776:login Иван и
1587193739350:анкета
1587193743990:войти
1587193749165:войти Иван и
1587193764877:right
1587193771975:left
1587196989447:анкета
1587197008462:новая Илья и сударь Герой
1587197019333:влево
1587200631144:анкета
1587200638134:войти иван и
1587200645532:войти Иван и
1587200662514:влево
1587200682348:анкета
1587200692404:войти Анна а
1587200701017:влево
1587200705035:вправо
1587200716477:любимцы
1587200722770:все
1587200729403:showAll
1587200812056:анкета
1587200818684:войти Илья и
1587200829299:влево
1587201370375:анкета
1587201373764:войти Илья и
1587201379019:влево
1587201390083:любимцы
1587201402818:help
1587201416004:весь списокъ
1587201423778:покажи 1
1587201430683:покажи 0
